This file contains any messages produced by compilers while
running configure, to aid debugging if configure makes a mistake.

It was created by m3 configure 1.4, which was
generated by GNU Autoconf 2.68.  Invocation command line was

  $ ./configure 

## --------- ##
## Platform. ##
## --------- ##

hostname = meka-man
uname -m = i686
uname -r = 2.6.32.20-rtai-3.9
uname -s = Linux
uname -v = #3 SMP Fri Feb 8 17:22:17 PST 2013

/usr/bin/uname -p = unknown
/bin/uname -X     = unknown

/bin/arch              = unknown
/usr/bin/arch -k       = unknown
/usr/convex/getsysinfo = unknown
/usr/bin/hostinfo      = unknown
/bin/machine           = unknown
/usr/bin/oslevel       = unknown
/bin/universe          = unknown

PATH: /usr/local/sbin
PATH: /usr/local/bin
PATH: /usr/sbin
PATH: /usr/bin
PATH: /sbin
PATH: /bin
PATH: /usr/games


## ----------- ##
## Core tests. ##
## ----------- ##

configure:2336: checking for a BSD-compatible install
configure:2404: result: /usr/bin/install -c
configure:2415: checking whether build environment is sane
configure:2465: result: yes
configure:2606: checking for a thread-safe mkdir -p
configure:2645: result: /bin/mkdir -p
configure:2658: checking for gawk
configure:2688: result: no
configure:2658: checking for mawk
configure:2674: found /usr/bin/mawk
configure:2685: result: mawk
configure:2696: checking whether make sets $(MAKE)
configure:2718: result: yes
configure:2859: checking for g++
configure:2875: found /usr/bin/g++
configure:2886: result: g++
configure:2913: checking for C++ compiler version
configure:2922: g++ --version >&5
g++ (Ubuntu/Linaro 4.6.3-1ubuntu5) 4.6.3
Copyright (C) 2011 Free Software Foundation, Inc.
This is free software; see the source for copying conditions.  There is NO
warranty; not even for MERCHANTABILITY or FITNESS FOR A PARTICULAR PURPOSE.

configure:2933: $? = 0
configure:2922: g++ -v >&5
Using built-in specs.
COLLECT_GCC=g++
COLLECT_LTO_WRAPPER=/usr/lib/gcc/i686-linux-gnu/4.6/lto-wrapper
Target: i686-linux-gnu
Configured with: ../src/configure -v --with-pkgversion='Ubuntu/Linaro 4.6.3-1ubuntu5' --with-bugurl=file:///usr/share/doc/gcc-4.6/README.Bugs --enable-languages=c,c++,fortran,objc,obj-c++ --prefix=/usr --program-suffix=-4.6 --enable-shared --enable-linker-build-id --with-system-zlib --libexecdir=/usr/lib --without-included-gettext --enable-threads=posix --with-gxx-include-dir=/usr/include/c++/4.6 --libdir=/usr/lib --enable-nls --with-sysroot=/ --enable-clocale=gnu --enable-libstdcxx-debug --enable-libstdcxx-time=yes --enable-gnu-unique-object --enable-plugin --enable-objc-gc --enable-targets=all --disable-werror --with-arch-32=i686 --with-tune=generic --enable-checking=release --build=i686-linux-gnu --host=i686-linux-gnu --target=i686-linux-gnu
Thread model: posix
gcc version 4.6.3 (Ubuntu/Linaro 4.6.3-1ubuntu5) 
configure:2933: $? = 0
configure:2922: g++ -V >&5
g++: error: unrecognized option '-V'
g++: fatal error: no input files
compilation terminated.
configure:2933: $? = 4
configure:2922: g++ -qversion >&5
g++: error: unrecognized option '-qversion'
g++: fatal error: no input files
compilation terminated.
configure:2933: $? = 4
configure:2953: checking whether the C++ compiler works
configure:2975: g++    conftest.cpp  >&5
configure:2979: $? = 0
configure:3027: result: yes
configure:3030: checking for C++ compiler default output file name
configure:3032: result: a.out
configure:3038: checking for suffix of executables
configure:3045: g++ -o conftest    conftest.cpp  >&5
configure:3049: $? = 0
configure:3071: result: 
configure:3093: checking whether we are cross compiling
configure:3101: g++ -o conftest    conftest.cpp  >&5
configure:3105: $? = 0
configure:3112: ./conftest
configure:3116: $? = 0
configure:3131: result: no
configure:3136: checking for suffix of object files
configure:3158: g++ -c   conftest.cpp >&5
configure:3162: $? = 0
configure:3183: result: o
configure:3187: checking whether we are using the GNU C++ compiler
configure:3206: g++ -c   conftest.cpp >&5
configure:3206: $? = 0
configure:3215: result: yes
configure:3224: checking whether g++ accepts -g
configure:3244: g++ -c -g  conftest.cpp >&5
configure:3244: $? = 0
configure:3285: result: yes
configure:3319: checking for style of include used by make
configure:3347: result: GNU
configure:3373: checking dependency style of g++
configure:3484: result: gcc3
configure:3547: checking for gcc
configure:3563: found /usr/bin/gcc
configure:3574: result: gcc
configure:3803: checking for C compiler version
configure:3812: gcc --version >&5
gcc (Ubuntu/Linaro 4.6.3-1ubuntu5) 4.6.3
Copyright (C) 2011 Free Software Foundation, Inc.
This is free software; see the source for copying conditions.  There is NO
warranty; not even for MERCHANTABILITY or FITNESS FOR A PARTICULAR PURPOSE.

configure:3823: $? = 0
configure:3812: gcc -v >&5
Using built-in specs.
COLLECT_GCC=gcc
COLLECT_LTO_WRAPPER=/usr/lib/gcc/i686-linux-gnu/4.6/lto-wrapper
Target: i686-linux-gnu
Configured with: ../src/configure -v --with-pkgversion='Ubuntu/Linaro 4.6.3-1ubuntu5' --with-bugurl=file:///usr/share/doc/gcc-4.6/README.Bugs --enable-languages=c,c++,fortran,objc,obj-c++ --prefix=/usr --program-suffix=-4.6 --enable-shared --enable-linker-build-id --with-system-zlib --libexecdir=/usr/lib --without-included-gettext --enable-threads=posix --with-gxx-include-dir=/usr/include/c++/4.6 --libdir=/usr/lib --enable-nls --with-sysroot=/ --enable-clocale=gnu --enable-libstdcxx-debug --enable-libstdcxx-time=yes --enable-gnu-unique-object --enable-plugin --enable-objc-gc --enable-targets=all --disable-werror --with-arch-32=i686 --with-tune=generic --enable-checking=release --build=i686-linux-gnu --host=i686-linux-gnu --target=i686-linux-gnu
Thread model: posix
gcc version 4.6.3 (Ubuntu/Linaro 4.6.3-1ubuntu5) 
configure:3823: $? = 0
configure:3812: gcc -V >&5
gcc: error: unrecognized option '-V'
gcc: fatal error: no input files
compilation terminated.
configure:3823: $? = 4
configure:3812: gcc -qversion >&5
gcc: error: unrecognized option '-qversion'
gcc: fatal error: no input files
compilation terminated.
configure:3823: $? = 4
configure:3827: checking whether we are using the GNU C compiler
configure:3846: gcc -c   conftest.c >&5
configure:3846: $? = 0
configure:3855: result: yes
configure:3864: checking whether gcc accepts -g
configure:3884: gcc -c -g  conftest.c >&5
configure:3884: $? = 0
configure:3925: result: yes
configure:3942: checking for gcc option to accept ISO C89
configure:4006: gcc  -c -g -O2  conftest.c >&5
configure:4006: $? = 0
configure:4019: result: none needed
configure:4041: checking dependency style of gcc
configure:4152: result: gcc3
configure:4227: checking build system type
configure:4241: result: i686-pc-linux-gnu
configure:4261: checking host system type
configure:4274: result: i686-pc-linux-gnu
configure:4315: checking how to print strings
configure:4342: result: printf
configure:4363: checking for a sed that does not truncate output
configure:4427: result: /bin/sed
configure:4445: checking for grep that handles long lines and -e
configure:4503: result: /bin/grep
configure:4508: checking for egrep
configure:4570: result: /bin/grep -E
configure:4575: checking for fgrep
configure:4637: result: /bin/grep -F
configure:4672: checking for ld used by gcc
configure:4739: result: /usr/bin/ld
configure:4746: checking if the linker (/usr/bin/ld) is GNU ld
configure:4761: result: yes
configure:4773: checking for BSD- or MS-compatible name lister (nm)
configure:4822: result: /usr/bin/nm -B
configure:4952: checking the name lister (/usr/bin/nm -B) interface
configure:4959: gcc -c -g -O2  conftest.c >&5
configure:4962: /usr/bin/nm -B "conftest.o"
configure:4965: output
00000000 B some_variable
configure:4972: result: BSD nm
configure:4975: checking whether ln -s works
configure:4979: result: yes
configure:4987: checking the maximum length of command line arguments
configure:5117: result: 1572864
configure:5134: checking whether the shell understands some XSI constructs
configure:5144: result: yes
configure:5148: checking whether the shell understands "+="
configure:5154: result: yes
configure:5189: checking how to convert i686-pc-linux-gnu file names to i686-pc-linux-gnu format
configure:5229: result: func_convert_file_noop
configure:5236: checking how to convert i686-pc-linux-gnu file names to toolchain format
configure:5256: result: func_convert_file_noop
configure:5263: checking for /usr/bin/ld option to reload object files
configure:5270: result: -r
configure:5344: checking for objdump
configure:5360: found /usr/bin/objdump
configure:5371: result: objdump
configure:5403: checking how to recognize dependent libraries
configure:5605: result: pass_all
configure:5690: checking for dlltool
configure:5720: result: no
configure:5750: checking how to associate runtime and link libraries
configure:5777: result: printf %s\n
configure:5838: checking for ar
configure:5854: found /usr/bin/ar
configure:5865: result: ar
configure:5902: checking for archiver @FILE support
configure:5919: gcc -c -g -O2  conftest.c >&5
configure:5919: $? = 0
configure:5922: ar cru libconftest.a @conftest.lst >&5
configure:5925: $? = 0
configure:5930: ar cru libconftest.a @conftest.lst >&5
ar: conftest.o: No such file or directory
configure:5933: $? = 1
configure:5945: result: @
configure:6003: checking for strip
configure:6019: found /usr/bin/strip
configure:6030: result: strip
configure:6102: checking for ranlib
configure:6118: found /usr/bin/ranlib
configure:6129: result: ranlib
configure:6231: checking command to parse /usr/bin/nm -B output from gcc object
configure:6351: gcc -c -g -O2  conftest.c >&5
configure:6354: $? = 0
configure:6358: /usr/bin/nm -B conftest.o \| sed -n -e 's/^.*[ ]\([ABCDGIRSTW][ABCDGIRSTW]*\)[ ][ ]*\([_A-Za-z][_A-Za-z0-9]*\)$/\1 \2 \2/p' | sed '/ __gnu_lto/d' \> conftest.nm
configure:6361: $? = 0
configure:6427: gcc -o conftest -g -O2   conftest.c conftstm.o >&5
configure:6430: $? = 0
configure:6468: result: ok
configure:6505: checking for sysroot
configure:6535: result: no
configure:6791: checking for mt
configure:6807: found /bin/mt
configure:6818: result: mt
configure:6841: checking if mt is a manifest tool
configure:6847: mt '-?'
configure:6855: result: no
configure:7497: checking how to run the C preprocessor
configure:7528: gcc -E  conftest.c
configure:7528: $? = 0
configure:7542: gcc -E  conftest.c
conftest.c:11:28: fatal error: ac_nonexistent.h: No such file or directory
compilation terminated.
configure:7542: $? = 1
configure: failed program was:
| /* confdefs.h */
| #define PACKAGE_NAME "m3"
| #define PACKAGE_TARNAME "m3"
| #define PACKAGE_VERSION "1.4"
| #define PACKAGE_STRING "m3 1.4"
| #define PACKAGE_BUGREPORT "info@mekabot.com"
| #define PACKAGE_URL ""
| #define PACKAGE "m3"
| #define VERSION "1.4"
| /* end confdefs.h.  */
| #include <ac_nonexistent.h>
configure:7567: result: gcc -E
configure:7587: gcc -E  conftest.c
configure:7587: $? = 0
configure:7601: gcc -E  conftest.c
conftest.c:11:28: fatal error: ac_nonexistent.h: No such file or directory
compilation terminated.
configure:7601: $? = 1
configure: failed program was:
| /* confdefs.h */
| #define PACKAGE_NAME "m3"
| #define PACKAGE_TARNAME "m3"
| #define PACKAGE_VERSION "1.4"
| #define PACKAGE_STRING "m3 1.4"
| #define PACKAGE_BUGREPORT "info@mekabot.com"
| #define PACKAGE_URL ""
| #define PACKAGE "m3"
| #define VERSION "1.4"
| /* end confdefs.h.  */
| #include <ac_nonexistent.h>
configure:7630: checking for ANSI C header files
configure:7650: gcc -c -g -O2  conftest.c >&5
configure:7650: $? = 0
configure:7723: gcc -o conftest -g -O2   conftest.c  >&5
configure:7723: $? = 0
configure:7723: ./conftest
configure:7723: $? = 0
configure:7734: result: yes
configure:7747: checking for sys/types.h
configure:7747: gcc -c -g -O2  conftest.c >&5
configure:7747: $? = 0
configure:7747: result: yes
configure:7747: checking for sys/stat.h
configure:7747: gcc -c -g -O2  conftest.c >&5
configure:7747: $? = 0
configure:7747: result: yes
configure:7747: checking for stdlib.h
configure:7747: gcc -c -g -O2  conftest.c >&5
configure:7747: $? = 0
configure:7747: result: yes
configure:7747: checking for string.h
configure:7747: gcc -c -g -O2  conftest.c >&5
configure:7747: $? = 0
configure:7747: result: yes
configure:7747: checking for memory.h
configure:7747: gcc -c -g -O2  conftest.c >&5
configure:7747: $? = 0
configure:7747: result: yes
configure:7747: checking for strings.h
configure:7747: gcc -c -g -O2  conftest.c >&5
configure:7747: $? = 0
configure:7747: result: yes
configure:7747: checking for inttypes.h
configure:7747: gcc -c -g -O2  conftest.c >&5
configure:7747: $? = 0
configure:7747: result: yes
configure:7747: checking for stdint.h
configure:7747: gcc -c -g -O2  conftest.c >&5
configure:7747: $? = 0
configure:7747: result: yes
configure:7747: checking for unistd.h
configure:7747: gcc -c -g -O2  conftest.c >&5
configure:7747: $? = 0
configure:7747: result: yes
configure:7761: checking for dlfcn.h
configure:7761: gcc -c -g -O2  conftest.c >&5
configure:7761: $? = 0
configure:7761: result: yes
configure:7948: checking for objdir
configure:7963: result: .libs
configure:8234: checking if gcc supports -fno-rtti -fno-exceptions
configure:8252: gcc -c -g -O2  -fno-rtti -fno-exceptions conftest.c >&5
cc1: warning: command line option '-fno-rtti' is valid for C++/ObjC++ but not for C [enabled by default]
configure:8256: $? = 0
configure:8269: result: no
configure:8596: checking for gcc option to produce PIC
configure:8603: result: -fPIC -DPIC
configure:8611: checking if gcc PIC flag -fPIC -DPIC works
configure:8629: gcc -c -g -O2  -fPIC -DPIC -DPIC conftest.c >&5
configure:8633: $? = 0
configure:8646: result: yes
configure:8675: checking if gcc static flag -static works
configure:8703: result: yes
configure:8718: checking if gcc supports -c -o file.o
configure:8739: gcc -c -g -O2  -o out/conftest2.o conftest.c >&5
configure:8743: $? = 0
configure:8765: result: yes
configure:8773: checking if gcc supports -c -o file.o
configure:8820: result: yes
configure:8853: checking whether the gcc linker (/usr/bin/ld) supports shared libraries
configure:10010: result: yes
configure:10047: checking whether -lc should be explicitly linked in
configure:10055: gcc -c -g -O2  conftest.c >&5
configure:10058: $? = 0
configure:10073: gcc -shared  -fPIC -DPIC conftest.o  -v -Wl,-soname -Wl,conftest -o conftest 2\>\&1 \| /bin/grep  -lc  \>/dev/null 2\>\&1
configure:10076: $? = 0
configure:10090: result: no
configure:10250: checking dynamic linker characteristics
configure:10761: gcc -o conftest -g -O2   -Wl,-rpath -Wl,/foo conftest.c  >&5
configure:10761: $? = 0
configure:10995: result: GNU/Linux ld.so
configure:11102: checking how to hardcode library paths into programs
configure:11127: result: immediate
configure:11667: checking whether stripping libraries is possible
configure:11672: result: yes
configure:11707: checking if libtool supports shared libraries
configure:11709: result: yes
configure:11712: checking whether to build shared libraries
configure:11733: result: yes
configure:11736: checking whether to build static libraries
configure:11740: result: no
configure:11763: checking how to run the C++ preprocessor
configure:11790: g++ -E  conftest.cpp
configure:11790: $? = 0
configure:11804: g++ -E  conftest.cpp
conftest.cpp:23:28: fatal error: ac_nonexistent.h: No such file or directory
compilation terminated.
configure:11804: $? = 1
configure: failed program was:
| /* confdefs.h */
| #define PACKAGE_NAME "m3"
| #define PACKAGE_TARNAME "m3"
| #define PACKAGE_VERSION "1.4"
| #define PACKAGE_STRING "m3 1.4"
| #define PACKAGE_BUGREPORT "info@mekabot.com"
| #define PACKAGE_URL ""
| #define PACKAGE "m3"
| #define VERSION "1.4"
| #define STDC_HEADERS 1
| #define HAVE_SYS_TYPES_H 1
| #define HAVE_SYS_STAT_H 1
| #define HAVE_STDLIB_H 1
| #define HAVE_STRING_H 1
| #define HAVE_MEMORY_H 1
| #define HAVE_STRINGS_H 1
| #define HAVE_INTTYPES_H 1
| #define HAVE_STDINT_H 1
| #define HAVE_UNISTD_H 1
| #define HAVE_DLFCN_H 1
| #define LT_OBJDIR ".libs/"
| /* end confdefs.h.  */
| #include <ac_nonexistent.h>
configure:11829: result: g++ -E
configure:11849: g++ -E  conftest.cpp
configure:11849: $? = 0
configure:11863: g++ -E  conftest.cpp
conftest.cpp:23:28: fatal error: ac_nonexistent.h: No such file or directory
compilation terminated.
configure:11863: $? = 1
configure: failed program was:
| /* confdefs.h */
| #define PACKAGE_NAME "m3"
| #define PACKAGE_TARNAME "m3"
| #define PACKAGE_VERSION "1.4"
| #define PACKAGE_STRING "m3 1.4"
| #define PACKAGE_BUGREPORT "info@mekabot.com"
| #define PACKAGE_URL ""
| #define PACKAGE "m3"
| #define VERSION "1.4"
| #define STDC_HEADERS 1
| #define HAVE_SYS_TYPES_H 1
| #define HAVE_SYS_STAT_H 1
| #define HAVE_STDLIB_H 1
| #define HAVE_STRING_H 1
| #define HAVE_MEMORY_H 1
| #define HAVE_STRINGS_H 1
| #define HAVE_INTTYPES_H 1
| #define HAVE_STDINT_H 1
| #define HAVE_UNISTD_H 1
| #define HAVE_DLFCN_H 1
| #define LT_OBJDIR ".libs/"
| /* end confdefs.h.  */
| #include <ac_nonexistent.h>
configure:12032: checking for ld used by g++
configure:12099: result: /usr/bin/ld
configure:12106: checking if the linker (/usr/bin/ld) is GNU ld
configure:12121: result: yes
configure:12176: checking whether the g++ linker (/usr/bin/ld) supports shared libraries
configure:13181: result: yes
configure:13217: g++ -c -g -O2  conftest.cpp >&5
configure:13220: $? = 0
configure:13740: checking for g++ option to produce PIC
configure:13747: result: -fPIC -DPIC
configure:13755: checking if g++ PIC flag -fPIC -DPIC works
configure:13773: g++ -c -g -O2  -fPIC -DPIC -DPIC conftest.cpp >&5
configure:13777: $? = 0
configure:13790: result: yes
configure:13813: checking if g++ static flag -static works
configure:13841: result: yes
configure:13853: checking if g++ supports -c -o file.o
configure:13874: g++ -c -g -O2  -o out/conftest2.o conftest.cpp >&5
configure:13878: $? = 0
configure:13900: result: yes
configure:13905: checking if g++ supports -c -o file.o
configure:13952: result: yes
configure:13982: checking whether the g++ linker (/usr/bin/ld) supports shared libraries
configure:14021: result: yes
configure:14162: checking dynamic linker characteristics
configure:14841: result: GNU/Linux ld.so
configure:14894: checking how to hardcode library paths into programs
configure:14919: result: immediate
configure:15017: checking for a Python interpreter with version >= 2.3
configure:15034: python -c import sys # split strings by '.' and convert to numeric. Append some zeros # because we need at least 4 digits for the hex conversion. # map returns an iterator in Python 3.0 and a list in 2.x minver = list(map(int, '2.3'.split('.'))) + [0, 0, 0] minverhex = 0 # xrange is not present in Python 3.0 and range returns an iterator for i in list(range(0, 4)): minverhex = (minverhex << 8) + minver[i] sys.exit(sys.hexversion < minverhex)
configure:15037: $? = 0
configure:15043: result: python
configure:15051: checking for python
configure:15069: found /usr/bin/python
configure:15081: result: /usr/bin/python
configure:15099: checking for python version
configure:15106: result: 2.7
configure:15118: checking for python platform
configure:15125: result: linux2
configure:15132: checking for python script directory
configure:15160: result: ${prefix}/lib/python2.7/dist-packages
configure:15169: checking for python extension module directory
configure:15197: result: ${exec_prefix}/lib/python2.7/dist-packages
configure:15213: checking for swig
configure:15231: found /usr/bin/swig
configure:15243: result: /usr/bin/swig
configure:15256: checking for SWIG version
configure:15259: result: 2.0.4
configure:15300: SWIG executable is '/usr/bin/swig'
configure:15303: SWIG library directory is '/usr/share/swig2.0'
configure:15331: checking for Python include path
configure:15341: result: /usr/include/python2.7
configure:15350: checking for Python library path
configure:15360: result: /usr/lib/python2.7/config
configure:15374: checking python extra libraries
configure:15381: result: 
configure:15437: checking for Linux kernel sources
configure:15468: result: /usr/src/linux-headers-2.6.32.20-rtai-3.9 (Kernel 2.6.32)
configure:15543: checking for pkg-config
configure:15561: found /usr/bin/pkg-config
configure:15573: result: /usr/bin/pkg-config
configure:15598: checking pkg-config is at least version 0.9.0
configure:15601: result: yes
configure:15611: checking for EIGEN2
configure:15618: $PKG_CONFIG --exists --print-errors "eigen2 >= 2.0.15"
configure:15621: $? = 0
configure:15635: $PKG_CONFIG --exists --print-errors "eigen2 >= 2.0.15"
configure:15638: $? = 0
configure:15696: result: yes
configure:15706: checking for YAMLCPP
configure:15713: $PKG_CONFIG --exists --print-errors "yaml-cpp >= 0.2.5"
configure:15716: $? = 0
configure:15730: $PKG_CONFIG --exists --print-errors "yaml-cpp >= 0.2.5"
configure:15733: $? = 0
configure:15791: result: yes
configure:15801: checking for PROTOBUF
configure:15808: $PKG_CONFIG --exists --print-errors "protobuf >= 2.2.0a"
configure:15811: $? = 0
configure:15825: $PKG_CONFIG --exists --print-errors "protobuf >= 2.2.0a"
configure:15828: $? = 0
configure:15886: result: yes
configure:15896: checking for OROCOSKDL
configure:15903: $PKG_CONFIG --exists --print-errors "orocos-kdl >= 1.0.2"
configure:15906: $? = 0
configure:15920: $PKG_CONFIG --exists --print-errors "orocos-kdl >= 1.0.2"
configure:15923: $? = 0
configure:15981: result: yes
configure:16137: creating ./config.status

## ---------------------- ##
## Running config.status. ##
## ---------------------- ##

This file was extended by m3 config.status 1.4, which was
generated by GNU Autoconf 2.68.  Invocation command line was

  CONFIG_FILES    = 
  CONFIG_HEADERS  = 
  CONFIG_LINKS    = 
  CONFIG_COMMANDS = 
  $ ./config.status 

on meka-man

config.status:1189: creating m3base.pc
config.status:1189: creating Makefile
config.status:1189: creating python/Makefile
config.status:1189: creating src/m3rt/base/Makefile
config.status:1189: creating src/m3rt/ethercat/Makefile
config.status:1189: creating src/m3rt/rt_system/Makefile
config.status:1189: creating config.h
config.status:1418: executing depfiles commands
config.status:1418: executing libtool commands

## ---------------- ##
## Cache variables. ##
## ---------------- ##

ac_cv_build=i686-pc-linux-gnu
ac_cv_c_compiler_gnu=yes
ac_cv_cxx_compiler_gnu=yes
ac_cv_env_CCC_set=
ac_cv_env_CCC_value=
ac_cv_env_CC_set=
ac_cv_env_CC_value=
ac_cv_env_CFLAGS_set=
ac_cv_env_CFLAGS_value=
ac_cv_env_CPPFLAGS_set=
ac_cv_env_CPPFLAGS_value=
ac_cv_env_CPP_set=
ac_cv_env_CPP_value=
ac_cv_env_CXXCPP_set=
ac_cv_env_CXXCPP_value=
ac_cv_env_CXXFLAGS_set=
ac_cv_env_CXXFLAGS_value=
ac_cv_env_CXX_set=
ac_cv_env_CXX_value=
ac_cv_env_EIGEN2_CFLAGS_set=
ac_cv_env_EIGEN2_CFLAGS_value=
ac_cv_env_EIGEN2_LIBS_set=
ac_cv_env_EIGEN2_LIBS_value=
ac_cv_env_LDFLAGS_set=
ac_cv_env_LDFLAGS_value=
ac_cv_env_LIBS_set=
ac_cv_env_LIBS_value=
ac_cv_env_OROCOSKDL_CFLAGS_set=
ac_cv_env_OROCOSKDL_CFLAGS_value=
ac_cv_env_OROCOSKDL_LIBS_set=
ac_cv_env_OROCOSKDL_LIBS_value=
ac_cv_env_PKG_CONFIG_LIBDIR_set=
ac_cv_env_PKG_CONFIG_LIBDIR_value=
ac_cv_env_PKG_CONFIG_PATH_set=set
ac_cv_env_PKG_CONFIG_PATH_value=
ac_cv_env_PKG_CONFIG_set=
ac_cv_env_PKG_CONFIG_value=
ac_cv_env_PROTOBUF_CFLAGS_set=
ac_cv_env_PROTOBUF_CFLAGS_value=
ac_cv_env_PROTOBUF_LIBS_set=
ac_cv_env_PROTOBUF_LIBS_value=
ac_cv_env_PYTHON_set=
ac_cv_env_PYTHON_value=
ac_cv_env_YAMLCPP_CFLAGS_set=
ac_cv_env_YAMLCPP_CFLAGS_value=
ac_cv_env_YAMLCPP_LIBS_set=
ac_cv_env_YAMLCPP_LIBS_value=
ac_cv_env_build_alias_set=
ac_cv_env_build_alias_value=
ac_cv_env_host_alias_set=
ac_cv_env_host_alias_value=
ac_cv_env_target_alias_set=
ac_cv_env_target_alias_value=
ac_cv_header_dlfcn_h=yes
ac_cv_header_inttypes_h=yes
ac_cv_header_memory_h=yes
ac_cv_header_stdc=yes
ac_cv_header_stdint_h=yes
ac_cv_header_stdlib_h=yes
ac_cv_header_string_h=yes
ac_cv_header_strings_h=yes
ac_cv_header_sys_stat_h=yes
ac_cv_header_sys_types_h=yes
ac_cv_header_unistd_h=yes
ac_cv_host=i686-pc-linux-gnu
ac_cv_objext=o
ac_cv_path_EGREP='/bin/grep -E'
ac_cv_path_FGREP='/bin/grep -F'
ac_cv_path_GREP=/bin/grep
ac_cv_path_PYTHON=/usr/bin/python
ac_cv_path_SED=/bin/sed
ac_cv_path_SWIG=/usr/bin/swig
ac_cv_path_ac_pt_PKG_CONFIG=/usr/bin/pkg-config
ac_cv_path_install='/usr/bin/install -c'
ac_cv_path_mkdir=/bin/mkdir
ac_cv_prog_AWK=mawk
ac_cv_prog_CPP='gcc -E'
ac_cv_prog_CXXCPP='g++ -E'
ac_cv_prog_ac_ct_AR=ar
ac_cv_prog_ac_ct_CC=gcc
ac_cv_prog_ac_ct_CXX=g++
ac_cv_prog_ac_ct_MANIFEST_TOOL=mt
ac_cv_prog_ac_ct_OBJDUMP=objdump
ac_cv_prog_ac_ct_RANLIB=ranlib
ac_cv_prog_ac_ct_STRIP=strip
ac_cv_prog_cc_c89=
ac_cv_prog_cc_g=yes
ac_cv_prog_cxx_g=yes
ac_cv_prog_make_make_set=yes
am_cv_CC_dependencies_compiler_type=gcc3
am_cv_CXX_dependencies_compiler_type=gcc3
am_cv_pathless_PYTHON=python
am_cv_python_platform=linux2
am_cv_python_pyexecdir='${exec_prefix}/lib/python2.7/dist-packages'
am_cv_python_pythondir='${prefix}/lib/python2.7/dist-packages'
am_cv_python_version=2.7
lt_cv_ar_at_file=@
lt_cv_archive_cmds_need_lc=no
lt_cv_deplibs_check_method=pass_all
lt_cv_file_magic_cmd='$MAGIC_CMD'
lt_cv_file_magic_test_file=
lt_cv_ld_reload_flag=-r
lt_cv_nm_interface='BSD nm'
lt_cv_objdir=.libs
lt_cv_path_LD=/usr/bin/ld
lt_cv_path_LDCXX=/usr/bin/ld
lt_cv_path_NM='/usr/bin/nm -B'
lt_cv_path_mainfest_tool=no
lt_cv_prog_compiler_c_o=yes
lt_cv_prog_compiler_c_o_CXX=yes
lt_cv_prog_compiler_pic='-fPIC -DPIC'
lt_cv_prog_compiler_pic_CXX='-fPIC -DPIC'
lt_cv_prog_compiler_pic_works=yes
lt_cv_prog_compiler_pic_works_CXX=yes
lt_cv_prog_compiler_rtti_exceptions=no
lt_cv_prog_compiler_static_works=yes
lt_cv_prog_compiler_static_works_CXX=yes
lt_cv_prog_gnu_ld=yes
lt_cv_prog_gnu_ldcxx=yes
lt_cv_sharedlib_from_linklib_cmd='printf %s\n'
lt_cv_shlibpath_overrides_runpath=no
lt_cv_sys_global_symbol_pipe='sed -n -e '\''s/^.*[	 ]\([ABCDGIRSTW][ABCDGIRSTW]*\)[	 ][	 ]*\([_A-Za-z][_A-Za-z0-9]*\)$/\1 \2 \2/p'\'' | sed '\''/ __gnu_lto/d'\'''
lt_cv_sys_global_symbol_to_c_name_address='sed -n -e '\''s/^: \([^ ]*\)[ ]*$/  {\"\1\", (void *) 0},/p'\'' -e '\''s/^[ABCDGIRSTW]* \([^ ]*\) \([^ ]*\)$/  {"\2", (void *) \&\2},/p'\'''
lt_cv_sys_global_symbol_to_c_name_address_lib_prefix='sed -n -e '\''s/^: \([^ ]*\)[ ]*$/  {\"\1\", (void *) 0},/p'\'' -e '\''s/^[ABCDGIRSTW]* \([^ ]*\) \(lib[^ ]*\)$/  {"\2", (void *) \&\2},/p'\'' -e '\''s/^[ABCDGIRSTW]* \([^ ]*\) \([^ ]*\)$/  {"lib\2", (void *) \&\2},/p'\'''
lt_cv_sys_global_symbol_to_cdecl='sed -n -e '\''s/^T .* \(.*\)$/extern int \1();/p'\'' -e '\''s/^[ABCDGIRSTW]* .* \(.*\)$/extern char \1;/p'\'''
lt_cv_sys_max_cmd_len=1572864
lt_cv_to_host_file_cmd=func_convert_file_noop
lt_cv_to_tool_file_cmd=func_convert_file_noop
pkg_cv_EIGEN2_CFLAGS='-I/usr/include/eigen2  '
pkg_cv_EIGEN2_LIBS=' '
pkg_cv_OROCOSKDL_CFLAGS='-I/usr/local/include -I/usr/include/eigen2  '
pkg_cv_OROCOSKDL_LIBS='-L/usr/local/lib -lorocos-kdl  '
pkg_cv_PROTOBUF_CFLAGS='-pthread  '
pkg_cv_PROTOBUF_LIBS='-pthread -lprotobuf -lz -lpthread  '
pkg_cv_YAMLCPP_CFLAGS=' '
pkg_cv_YAMLCPP_LIBS='-lyaml-cpp  '

## ----------------- ##
## Output variables. ##
## ----------------- ##

ACLOCAL='${SHELL} /home/meka/mekabot/m3core/config/missing --run aclocal-1.11'
AMDEPBACKSLASH='\'
AMDEP_FALSE='#'
AMDEP_TRUE=''
AMTAR='$${TAR-tar}'
AR='ar'
AUTOCONF='${SHELL} /home/meka/mekabot/m3core/config/missing --run autoconf'
AUTOHEADER='${SHELL} /home/meka/mekabot/m3core/config/missing --run autoheader'
AUTOMAKE='${SHELL} /home/meka/mekabot/m3core/config/missing --run automake-1.11'
AWK='mawk'
CC='gcc'
CCDEPMODE='depmode=gcc3'
CFLAGS='-g -O2'
CPP='gcc -E'
CPPFLAGS=''
CXX='g++'
CXXCPP='g++ -E'
CXXDEPMODE='depmode=gcc3'
CXXFLAGS='-g -O2'
CYGPATH_W='echo'
DEFS='-DHAVE_CONFIG_H'
DEPDIR='.deps'
DLLTOOL='false'
DSYMUTIL=''
DUMPBIN=''
ECHO_C=''
ECHO_N='-n'
ECHO_T=''
EGREP='/bin/grep -E'
EIGEN2_CFLAGS='-I/usr/include/eigen2  '
EIGEN2_LIBS=' '
EXEEXT=''
FGREP='/bin/grep -F'
GREP='/bin/grep'
INSTALL_DATA='${INSTALL} -m 644'
INSTALL_PROGRAM='${INSTALL}'
INSTALL_SCRIPT='${INSTALL}'
INSTALL_STRIP_PROGRAM='$(install_sh) -c -s'
LD='/usr/bin/ld'
LDFLAGS=''
LIBOBJS=''
LIBS=''
LIBTOOL='$(SHELL) $(top_builddir)/libtool'
LINUX_SOURCE_DIR='/usr/src/linux-headers-2.6.32.20-rtai-3.9'
LIPO=''
LN_S='ln -s'
LTLIBOBJS=''
MAKEINFO='${SHELL} /home/meka/mekabot/m3core/config/missing --run makeinfo'
MANIFEST_TOOL=':'
MKDIR_P='/bin/mkdir -p'
NM='/usr/bin/nm -B'
NMEDIT=''
OBJDUMP='objdump'
OBJEXT='o'
OROCOSKDL_CFLAGS='-I/usr/local/include -I/usr/include/eigen2  '
OROCOSKDL_LIBS='-L/usr/local/lib -lorocos-kdl  '
OTOOL64=''
OTOOL=''
PACKAGE='m3'
PACKAGE_BUGREPORT='info@mekabot.com'
PACKAGE_NAME='m3'
PACKAGE_STRING='m3 1.4'
PACKAGE_TARNAME='m3'
PACKAGE_URL=''
PACKAGE_VERSION='1.4'
PATH_SEPARATOR=':'
PKG_CONFIG='/usr/bin/pkg-config'
PKG_CONFIG_LIBDIR=''
PKG_CONFIG_PATH=''
PROTOBUF_CFLAGS='-pthread  '
PROTOBUF_LIBS='-pthread -lprotobuf -lz -lpthread  '
PYTHON='/usr/bin/python'
PYTHON_CPPFLAGS='-I/usr/include/python2.7'
PYTHON_EXEC_PREFIX='${exec_prefix}'
PYTHON_EXTRA_LIBS='-lssl -lcrypto  -lssl -lcrypto      -L/usr/lib -lz -lpthread -ldl  -lutil'
PYTHON_LDFLAGS='-L/usr/lib/python2.7/config -lpython2.7'
PYTHON_PLATFORM='linux2'
PYTHON_PREFIX='${prefix}'
PYTHON_SITE_PKG='/usr/lib/python2.7/site-packages'
PYTHON_VERSION='2.7'
RANLIB='ranlib'
ROS_DIR='/opt/ros/cturtle/'
RTAI_DIR='/usr/realtime'
RTAI_FALSE='#'
RTAI_TRUE=''
SED='/bin/sed'
SET_MAKE=''
SHELL='/bin/sh'
STRIP='strip'
SWIG='/usr/bin/swig -c++'
SWIG_LIB='/usr/share/swig2.0'
SWIG_PYTHON_CPPFLAGS='-I/usr/include/python2.7'
SWIG_PYTHON_OPT='-python'
VERSION='1.4'
YAMLCPP_CFLAGS=' '
YAMLCPP_LIBS='-lyaml-cpp  '
ac_ct_AR='ar'
ac_ct_CC='gcc'
ac_ct_CXX='g++'
ac_ct_DUMPBIN=''
am__EXEEXT_FALSE=''
am__EXEEXT_TRUE='#'
am__fastdepCC_FALSE='#'
am__fastdepCC_TRUE=''
am__fastdepCXX_FALSE='#'
am__fastdepCXX_TRUE=''
am__include='include'
am__isrc=''
am__leading_dot='.'
am__nodep='_no'
am__quote=''
am__tar='$${TAR-tar} chof - "$$tardir"'
am__untar='$${TAR-tar} xf -'
bindir='${exec_prefix}/bin'
build='i686-pc-linux-gnu'
build_alias=''
build_cpu='i686'
build_os='linux-gnu'
build_vendor='pc'
datadir='${datarootdir}'
datarootdir='${prefix}/share'
docdir='${datarootdir}/doc/${PACKAGE_TARNAME}'
dvidir='${docdir}'
exec_prefix='${prefix}'
host='i686-pc-linux-gnu'
host_alias=''
host_cpu='i686'
host_os='linux-gnu'
host_vendor='pc'
htmldir='${docdir}'
includedir='${prefix}/include'
infodir='${datarootdir}/info'
install_sh='${SHELL} /home/meka/mekabot/m3core/config/install-sh'
libdir='${exec_prefix}/lib'
libexecdir='${exec_prefix}/libexec'
localedir='${datarootdir}/locale'
localstatedir='${prefix}/var'
mandir='${datarootdir}/man'
mkdir_p='/bin/mkdir -p'
oldincludedir='/usr/include'
pdfdir='${docdir}'
pkgpyexecdir='${pyexecdir}/m3'
pkgpythondir='${pythondir}/m3'
prefix='/usr/local'
program_transform_name='s,x,x,'
psdir='${docdir}'
pyexecdir='${exec_prefix}/lib/python2.7/dist-packages'
pythondir='${prefix}/lib/python2.7/dist-packages'
sbindir='${exec_prefix}/sbin'
sharedstatedir='${prefix}/com'
sysconfdir='${prefix}/etc'
target_alias=''

## ----------- ##
## confdefs.h. ##
## ----------- ##

/* confdefs.h */
#define PACKAGE_NAME "m3"
#define PACKAGE_TARNAME "m3"
#define PACKAGE_VERSION "1.4"
#define PACKAGE_STRING "m3 1.4"
#define PACKAGE_BUGREPORT "info@mekabot.com"
#define PACKAGE_URL ""
#define PACKAGE "m3"
#define VERSION "1.4"
#define STDC_HEADERS 1
#define HAVE_SYS_TYPES_H 1
#define HAVE_SYS_STAT_H 1
#define HAVE_STDLIB_H 1
#define HAVE_STRING_H 1
#define HAVE_MEMORY_H 1
#define HAVE_STRINGS_H 1
#define HAVE_INTTYPES_H 1
#define HAVE_STDINT_H 1
#define HAVE_UNISTD_H 1
#define HAVE_DLFCN_H 1
#define LT_OBJDIR ".libs/"

configure: exit 0
